[23-May-2024 12:17:28] NOTICE: fpm is running, pid 3807
[23-May-2024 12:17:28] NOTICE: ready to handle connections
[24-May-2024 00:04:23] NOTICE: Terminating ...
[24-May-2024 00:04:23] NOTICE: Terminating ...
[24-May-2024 00:04:23] NOTICE: exiting, bye-bye!
[24-May-2024 12:10:47] NOTICE: fpm is running, pid 894
[24-May-2024 12:10:47] NOTICE: ready to handle connections
[24-May-2024 15:58:04] NOTICE: Terminating ...
[24-May-2024 15:58:04] NOTICE: Terminating ...
[24-May-2024 15:58:04] NOTICE: exiting, bye-bye!
[24-May-2024 16:40:24] NOTICE: fpm is running, pid 684
[24-May-2024 16:40:24] NOTICE: ready to handle connections
[24-May-2024 17:01:29] NOTICE: Terminating ...
[24-May-2024 17:01:29] NOTICE: Terminating ...
[24-May-2024 17:01:29] NOTICE: exiting, bye-bye!
[25-May-2024 16:36:48] NOTICE: fpm is running, pid 1499
[25-May-2024 16:36:48] NOTICE: ready to handle connections
[25-May-2024 16:37:49] NOTICE: Terminating ...
[25-May-2024 16:37:49] NOTICE: Terminating ...
[25-May-2024 16:37:49] NOTICE: exiting, bye-bye!
[25-May-2024 16:37:51] NOTICE: fpm is running, pid 1544
[25-May-2024 16:37:51] NOTICE: ready to handle connections
[26-May-2024 00:23:40] NOTICE: Terminating ...
[26-May-2024 00:23:40] NOTICE: Terminating ...
[26-May-2024 00:23:41] NOTICE: exiting, bye-bye!
[26-May-2024 20:41:23] NOTICE: fpm is running, pid 685
[26-May-2024 20:41:23] NOTICE: ready to handle connections
[28-May-2024 22:09:01] NOTICE: Terminating ...
[28-May-2024 22:09:01] NOTICE: Terminating ...
[28-May-2024 22:09:01] NOTICE: exiting, bye-bye!
[29-May-2024 09:34:45] NOTICE: fpm is running, pid 803
[29-May-2024 09:34:45] NOTICE: ready to handle connections
[30-May-2024 00:03:08] NOTICE: Terminating ...
[30-May-2024 00:03:08] NOTICE: Terminating ...
[30-May-2024 00:03:08] NOTICE: exiting, bye-bye!
[30-May-2024 00:05:56] NOTICE: fpm is running, pid 699
[30-May-2024 00:05:56] NOTICE: ready to handle connections
[30-May-2024 02:09:29] NOTICE: Terminating ...
[30-May-2024 02:09:29] NOTICE: Terminating ...
[30-May-2024 02:09:29] NOTICE: exiting, bye-bye!
[30-May-2024 11:21:09] NOTICE: fpm is running, pid 797
[30-May-2024 11:21:09] NOTICE: ready to handle connections
[31-May-2024 00:05:35] NOTICE: Terminating ...
[31-May-2024 00:05:35] NOTICE: Terminating ...
[31-May-2024 00:05:35] NOTICE: exiting, bye-bye!
[31-May-2024 08:51:58] NOTICE: fpm is running, pid 718
[31-May-2024 08:51:58] NOTICE: ready to handle connections
[31-May-2024 23:41:25] NOTICE: Terminating ...
[31-May-2024 23:41:25] NOTICE: Terminating ...
[31-May-2024 23:41:25] NOTICE: exiting, bye-bye!
[01-Jun-2024 16:34:08] NOTICE: fpm is running, pid 1141
[01-Jun-2024 16:34:08] NOTICE: ready to handle connections
[01-Jun-2024 22:43:03] NOTICE: Terminating ...
[01-Jun-2024 22:43:03] NOTICE: Terminating ...
[01-Jun-2024 22:43:03] NOTICE: exiting, bye-bye!
[02-Jun-2024 20:13:06] NOTICE: fpm is running, pid 906
[02-Jun-2024 20:13:06] NOTICE: ready to handle connections
[03-Jun-2024 01:09:18] NOTICE: Terminating ...
[03-Jun-2024 01:09:18] NOTICE: Terminating ...
[03-Jun-2024 01:09:18] NOTICE: exiting, bye-bye!
[03-Jun-2024 10:56:26] NOTICE: fpm is running, pid 738
[03-Jun-2024 10:56:26] NOTICE: ready to handle connections
[04-Jun-2024 00:46:11] NOTICE: Terminating ...
[04-Jun-2024 00:46:11] NOTICE: Terminating ...
[04-Jun-2024 00:46:11] NOTICE: exiting, bye-bye!
[04-Jun-2024 09:51:26] NOTICE: fpm is running, pid 713
[04-Jun-2024 09:51:26] NOTICE: ready to handle connections
[04-Jun-2024 23:57:19] NOTICE: Terminating ...
[04-Jun-2024 23:57:19] NOTICE: Terminating ...
[04-Jun-2024 23:57:19] NOTICE: exiting, bye-bye!
[05-Jun-2024 17:38:14] NOTICE: fpm is running, pid 1028
[05-Jun-2024 17:38:14] NOTICE: ready to handle connections
[06-Jun-2024 01:55:28] NOTICE: Terminating ...
[06-Jun-2024 01:55:28] NOTICE: Terminating ...
[06-Jun-2024 01:55:28] NOTICE: exiting, bye-bye!
[06-Jun-2024 09:56:04] NOTICE: fpm is running, pid 776
[06-Jun-2024 09:56:04] NOTICE: ready to handle connections
[07-Jun-2024 00:20:15] NOTICE: Terminating ...
[07-Jun-2024 00:20:15] NOTICE: Terminating ...
[07-Jun-2024 00:20:15] NOTICE: exiting, bye-bye!
[07-Jun-2024 10:41:58] NOTICE: fpm is running, pid 726
[07-Jun-2024 10:41:58] NOTICE: ready to handle connections
[07-Jun-2024 12:39:13] NOTICE: Terminating ...
[07-Jun-2024 12:39:13] NOTICE: Terminating ...
[07-Jun-2024 12:39:13] NOTICE: exiting, bye-bye!
[08-Jun-2024 17:46:05] NOTICE: fpm is running, pid 985
[08-Jun-2024 17:46:05] NOTICE: ready to handle connections
[09-Jun-2024 03:05:59] NOTICE: Terminating ...
[09-Jun-2024 03:06:00] NOTICE: Terminating ...
[09-Jun-2024 03:06:00] NOTICE: exiting, bye-bye!
[09-Jun-2024 08:59:18] NOTICE: fpm is running, pid 603
[09-Jun-2024 08:59:18] NOTICE: ready to handle connections
[10-Jun-2024 14:25:35] NOTICE: Terminating ...
[10-Jun-2024 14:25:35] NOTICE: Terminating ...
[10-Jun-2024 14:25:35] NOTICE: exiting, bye-bye!
[10-Jun-2024 14:40:06] NOTICE: fpm is running, pid 6446
[10-Jun-2024 14:40:06] NOTICE: ready to handle connections
[11-Jun-2024 23:11:18] NOTICE: Terminating ...
[11-Jun-2024 23:11:18] NOTICE: Terminating ...
[11-Jun-2024 23:11:18] NOTICE: exiting, bye-bye!
[11-Jun-2024 23:11:28] NOTICE: fpm is running, pid 8932
[11-Jun-2024 23:11:28] NOTICE: ready to handle connections
[11-Jun-2024 23:11:42] NOTICE: Terminating ...
[11-Jun-2024 23:11:42] NOTICE: Terminating ...
[11-Jun-2024 23:11:42] NOTICE: exiting, bye-bye!
[23-Jun-2024 16:39:08] NOTICE: fpm is running, pid 1699
[23-Jun-2024 16:39:08] NOTICE: ready to handle connections
